[INFO] Scanning for projects...
[INFO] 
[INFO] ----------------------< com.inovalayer:mada-core >----------------------
[INFO] Building mada-core 0.0.1-SNAPSHOT
[INFO]   from pom.xml
[INFO] --------------------------------[ jar ]---------------------------------
[INFO] 
[INFO] --- clean:3.5.0:clean (default-clean) @ mada-core ---
[INFO] Deleting R:\InovaLayer 3D\inovalayer\mada-core\target
[INFO] 
[INFO] --- resources:3.3.1:resources (default-resources) @ mada-core ---
[INFO] Copying 1 resource from src\main\resources to target\classes
[INFO] Copying 2 resources from src\main\resources to target\classes
[INFO] 
[INFO] --- compiler:3.14.1:compile (default-compile) @ mada-core ---
[INFO] Recompiling the module because of changed source code.
[INFO] Compiling 33 source files with javac [debug parameters release 21] to target\classes
[INFO] /R:/InovaLayer 3D/inovalayer/mada-core/src/main/java/com/inovalayer/mada/core/config/I18nConfig.java: R:\InovaLayer 3D\inovalayer\mada-core\src\main\java\com\inovalayer\mada\core\config\I18nConfig.java uses or overrides a deprecated API.
[INFO] /R:/InovaLayer 3D/inovalayer/mada-core/src/main/java/com/inovalayer/mada/core/config/I18nConfig.java: Recompile with -Xlint:deprecation for details.
[INFO] -------------------------------------------------------------
[ERROR] COMPILATION ERROR : 
[INFO] -------------------------------------------------------------
[ERROR] /R:/InovaLayer 3D/inovalayer/mada-core/src/main/java/com/inovalayer/mada/core/controller/OrcamentoController.java:[29,64] cannot find symbol
  symbol:   method processarMetrologia(com.inovalayer.mada.core.dto.OrcamentoRequestDTO)
  location: variable orcamentoService of type com.inovalayer.mada.core.service.OrcamentoService
[INFO] 1 error
[INFO] -------------------------------------------------------------
[INFO] ------------------------------------------------------------------------
[INFO] BUILD FAILURE
[INFO] ------------------------------------------------------------------------
[INFO] Total time:  9.392 s
[INFO] Finished at: 2026-03-16T17:50:32-03:00
[INFO] ------------------------------------------------------------------------
[ERROR] Failed to execute goal org.apache.maven.plugins:maven-compiler-plugin:3.14.1:compile (default-compile) on project mada-core: Compilation failure
[ERROR] /R:/InovaLayer 3D/inovalayer/mada-core/src/main/java/com/inovalayer/mada/core/controller/OrcamentoController.java:[29,64] cannot find symbol
[ERROR]   symbol:   method processarMetrologia(com.inovalayer.mada.core.dto.OrcamentoRequestDTO)
[ERROR]   location: variable orcamentoService of type com.inovalayer.mada.core.service.OrcamentoService
[ERROR] -> [Help 1]
[ERROR] 
[ERROR] To see the full stack trace of the errors, re-run Maven with the -e switch.
[ERROR] Re-run Maven using the -X switch to enable full debug logging.
[ERROR] 
[ERROR] For more information about the errors and possible solutions, please read the following articles:
[ERROR] [Help 1] http://cwiki.apache.org/confluence/display/MAVEN/MojoFailureException
