[INFO] Scanning for projects...
[INFO] 
[INFO] ----------------------< com.inovalayer:mada-core >----------------------
[INFO] Building mada-core 0.0.1-SNAPSHOT
[INFO]   from pom.xml
[INFO] --------------------------------[ jar ]---------------------------------
[INFO] 
[INFO] --- clean:3.5.0:clean (default-clean) @ mada-core ---
[INFO] Deleting R:\InovaLayer 3D\inovalayer\mada-core\target
[INFO] 
[INFO] --- resources:3.3.1:resources (default-resources) @ mada-core ---
[INFO] Copying 1 resource from src\main\resources to target\classes
[INFO] Copying 2 resources from src\main\resources to target\classes
[INFO] 
[INFO] --- compiler:3.14.1:compile (default-compile) @ mada-core ---
[INFO] Recompiling the module because of changed source code.
[INFO] Compiling 32 source files with javac [debug parameters release 21] to target\classes
[INFO] /R:/InovaLayer 3D/inovalayer/mada-core/src/main/java/com/inovalayer/mada/core/config/I18nConfig.java: R:\InovaLayer 3D\inovalayer\mada-core\src\main\java\com\inovalayer\mada\core\config\I18nConfig.java uses or overrides a deprecated API.
[INFO] /R:/InovaLayer 3D/inovalayer/mada-core/src/main/java/com/inovalayer/mada/core/config/I18nConfig.java: Recompile with -Xlint:deprecation for details.
[INFO] ------------------------------------------------------------------------
[INFO] BUILD SUCCESS
[INFO] ------------------------------------------------------------------------
[INFO] Total time:  6.911 s
[INFO] Finished at: 2026-03-16T17:41:53-03:00
[INFO] ------------------------------------------------------------------------
